
> @aiiq-taiq/web@0.1.0 dev
> next dev

   ▲ Next.js 14.0.0
   - Local:        http://localhost:3000

 ✓ Ready in 2s
 ○ Compiling /page ...
 ✓ Compiled /page in 508ms (33 modules)
 ✓ Compiled in 2.9s (3498 modules)
 ✓ Compiled in 471ms (3498 modules)
 ✓ Compiled in 667ms (3531 modules)
 ✓ Compiled in 594ms (3498 modules)
 ✓ Compiled /page in 498ms (3814 modules)
 ○ Compiling /pait-ratings/page ...
 ✓ Compiled /pait-ratings/page in 938ms (7280 modules)
 ✓ Compiled /not-found in 310ms (7271 modules)
 ○ Compiling /gpu-data/page ...
 ✓ Compiled /gpu-data/page in 1901ms (7282 modules)
 ✓ Compiled in 969ms (7296 modules)
 ✓ Compiled in 302ms (3509 modules)
 ✓ Compiled in 345ms (3509 modules)
 ✓ Compiled in 246ms (3509 modules)
 ✓ Compiled in 1164ms (7296 modules)
 ○ Compiling /page ...
 ✓ Compiled /page in 782ms (3829 modules)
 ✓ Compiled in 563ms (3509 modules)
 ✓ Compiled in 250ms (3509 modules)
 ✓ Compiled in 254ms (3509 modules)
